# JRE version: Java(TM) SE Runtime Environment (8.0_144-b01) (build 1.8.0_144-b01)
# Java VM: Java HotSpot(TM) 64-Bit Server VM (25.144-b01 mixed mode linux-amd64 compressed oops)
Heap:
 PSYoungGen      total 125952K, used 53464K [0x00000000d7300000, 0x00000000e2180000, 0x0000000100000000)
  eden space 87552K, 20% used [0x00000000d7300000,0x00000000d84bbcd8,0x00000000dc880000)
  from space 38400K, 91% used [0x00000000df280000,0x00000000e14fa498,0x00000000e1800000)
  to   space 43008K, 0% used [0x00000000dc880000,0x00000000dc880000,0x00000000df280000)
 ParOldGen       total 166912K, used 61523K [0x0000000085800000, 0x000000008fb00000, 0x00000000d7300000)
  object space 166912K, 36% used [0x0000000085800000,0x0000000089414f98,0x000000008fb00000)
 Metaspace       used 35361K, capacity 36022K, committed 36596K, reserved 1081344K
  class space    used 4309K, capacity 4431K, committed 4528K, reserved 1048576K
GC Heap History (10 events):
Event: 951.876 GC heap before
{Heap before GC invocations=11 (full 2):
 PSYoungGen      total 88064K, used 88060K [0x00000000d7300000, 0x00000000e0480000, 0x0000000100000000)
  eden space 73216K, 100% used [0x00000000d7300000,0x00000000dba80000,0x00000000dba80000)
  from space 14848K, 99% used [0x00000000dcf80000,0x00000000dddff0a8,0x00000000dde00000)
  to   space 21504K, 0% used [0x00000000dba80000,0x00000000dba80000,0x00000000dcf80000)
 ParOldGen       total 116736K, used 36813K [0x0000000085800000, 0x000000008ca00000, 0x00000000d7300000)
  object space 116736K, 31% used [0x0000000085800000,0x0000000087bf3420,0x000000008ca00000)
 Metaspace       used 35140K, capacity 35892K, committed 36340K, reserved 1081344K
  class space    used 4335K, capacity 4488K, committed 4528K, reserved 1048576K
Event: 951.887 GC heap after
Heap after GC invocations=11 (full 2):
 PSYoungGen      total 94720K, used 20340K [0x00000000d7300000, 0x00000000df580000, 0x0000000100000000)
  eden space 73216K, 0% used [0x00000000d7300000,0x00000000d7300000,0x00000000dba80000)
  from space 21504K, 94% used [0x00000000dba80000,0x00000000dce5d088,0x00000000dcf80000)
  to   space 24064K, 0% used [0x00000000dde00000,0x00000000dde00000,0x00000000df580000)
 ParOldGen       total 116736K, used 47825K [0x0000000085800000, 0x000000008ca00000, 0x00000000d7300000)
  object space 116736K, 40% used [0x0000000085800000,0x00000000886b4550,0x000000008ca00000)
 Metaspace       used 35140K, capacity 35892K, committed 36340K, reserved 1081344K
  class space    used 4335K, capacity 4488K, committed 4528K, reserved 1048576K
}
Event: 1022.233 GC heap before
{Heap before GC invocations=12 (full 2):
 PSYoungGen      total 94720K, used 93556K [0x00000000d7300000, 0x00000000df580000, 0x0000000100000000)
  eden space 73216K, 100% used [0x00000000d7300000,0x00000000dba80000,0x00000000dba80000)
  from space 21504K, 94% used [0x00000000dba80000,0x00000000dce5d088,0x00000000dcf80000)
  to   space 24064K, 0% used [0x00000000dde00000,0x00000000dde00000,0x00000000df580000)
 ParOldGen       total 116736K, used 47847K [0x0000000085800000, 0x000000008ca00000, 0x00000000d7300000)
  object space 116736K, 40% used [0x0000000085800000,0x00000000886b9c50,0x000000008ca00000)
 Metaspace       used 35190K, capacity 36020K, committed 36340K, reserved 1081344K
  class space    used 4336K, capacity 4488K, committed 4528K, reserved 1048576K
Event: 1022.241 GC heap after
Heap after GC invocations=12 (full 2):
 PSYoungGen      total 107008K, used 21924K [0x00000000d7300000, 0x00000000df800000, 0x0000000100000000)
  eden space 82944K, 0% used [0x00000000d7300000,0x00000000d7300000,0x00000000dc400000)
  from space 24064K, 91% used [0x00000000dde00000,0x00000000df3690f0,0x00000000df580000)
  to   space 26624K, 0% used [0x00000000dc400000,0x00000000dc400000,0x00000000dde00000)
 ParOldGen       total 116736K, used 66982K [0x0000000085800000, 0x000000008ca00000, 0x00000000d7300000)
  object space 116736K, 57% used [0x0000000085800000,0x0000000089969980,0x000000008ca00000)
 Metaspace       used 35190K, capacity 36020K, committed 36340K, reserved 1081344K
  class space    used 4336K, capacity 4488K, committed 4528K, reserved 1048576K
}
Event: 6969.389 GC heap before
{Heap before GC invocations=13 (full 2):
 PSYoungGen      total 107008K, used 104868K [0x00000000d7300000, 0x00000000df800000, 0x0000000100000000)
  eden space 82944K, 100% used [0x00000000d7300000,0x00000000dc400000,0x00000000dc400000)
  from space 24064K, 91% used [0x00000000dde00000,0x00000000df3690f0,0x00000000df580000)
  to   space 26624K, 0% used [0x00000000dc400000,0x00000000dc400000,0x00000000dde00000)
 ParOldGen       total 116736K, used 75037K [0x0000000085800000, 0x000000008ca00000, 0x00000000d7300000)
  object space 116736K, 64% used [0x0000000085800000,0x000000008a147460,0x000000008ca00000)
 Metaspace       used 35378K, capacity 36212K, committed 36596K, reserved 1081344K
  class space    used 4337K, capacity 4488K, committed 4528K, reserved 1048576K
Event: 6969.399 GC heap after
Heap after GC invocations=13 (full 2):
 PSYoungGen      total 109568K, used 26602K [0x00000000d7300000, 0x00000000e1800000, 0x0000000100000000)
  eden space 82944K, 0% used [0x00000000d7300000,0x00000000d7300000,0x00000000dc400000)
  from space 26624K, 99% used [0x00000000dc400000,0x00000000dddfaa28,0x00000000dde00000)
  to   space 38400K, 0% used [0x00000000df280000,0x00000000df280000,0x00000000e1800000)
 ParOldGen       total 116736K, used 98336K [0x0000000085800000, 0x000000008ca00000, 0x00000000d7300000)
  object space 116736K, 84% used [0x0000000085800000,0x000000008b808180,0x000000008ca00000)
 Metaspace       used 35378K, capacity 36212K, committed 36596K, reserved 1081344K
  class space    used 4337K, capacity 4488K, committed 4528K, reserved 1048576K
}
Event: 6969.399 GC heap before
{Heap before GC invocations=14 (full 3):
 PSYoungGen      total 109568K, used 26602K [0x00000000d7300000, 0x00000000e1800000, 0x0000000100000000)
  eden space 82944K, 0% used [0x00000000d7300000,0x00000000d7300000,0x00000000dc400000)
  from space 26624K, 99% used [0x00000000dc400000,0x00000000dddfaa28,0x00000000dde00000)
  to   space 38400K, 0% used [0x00000000df280000,0x00000000df280000,0x00000000e1800000)
 ParOldGen       total 116736K, used 98336K [0x0000000085800000, 0x000000008ca00000, 0x00000000d7300000)
  object space 116736K, 84% used [0x0000000085800000,0x000000008b808180,0x000000008ca00000)
 Metaspace       used 35378K, capacity 36212K, committed 36596K, reserved 1081344K
  class space    used 4337K, capacity 4488K, committed 4528K, reserved 1048576K
Event: 6969.492 GC heap after
Heap after GC invocations=14 (full 3):
 PSYoungGen      total 109568K, used 0K [0x00000000d7300000, 0x00000000e1800000, 0x0000000100000000)
  eden space 82944K, 0% used [0x00000000d7300000,0x00000000d7300000,0x00000000dc400000)
  from space 26624K, 0% used [0x00000000dc400000,0x00000000dc400000,0x00000000dde00000)
  to   space 38400K, 0% used [0x00000000df280000,0x00000000df280000,0x00000000e1800000)
 ParOldGen       total 166912K, used 23983K [0x0000000085800000, 0x000000008fb00000, 0x00000000d7300000)
  object space 166912K, 14% used [0x0000000085800000,0x0000000086f6be78,0x000000008fb00000)
 Metaspace       used 35166K, capacity 35894K, committed 36596K, reserved 1081344K
  class space    used 4305K, capacity 4431K, committed 4528K, reserved 1048576K
}
Event: 13655.279 GC heap before
{Heap before GC invocations=15 (full 3):
 PSYoungGen      total 109568K, used 82944K [0x00000000d7300000, 0x00000000e1800000, 0x0000000100000000)
  eden space 82944K, 100% used [0x00000000d7300000,0x00000000dc400000,0x00000000dc400000)
  from space 26624K, 0% used [0x00000000dc400000,0x00000000dc400000,0x00000000dde00000)
  to   space 38400K, 0% used [0x00000000df280000,0x00000000df280000,0x00000000e1800000)
 ParOldGen       total 166912K, used 23983K [0x0000000085800000, 0x000000008fb00000, 0x00000000d7300000)
  object space 166912K, 14% used [0x0000000085800000,0x0000000086f6be78,0x000000008fb00000)
 Metaspace       used 35303K, capacity 36022K, committed 36596K, reserved 1081344K
  class space    used 4307K, capacity 4431K, committed 4528K, reserved 1048576K
Event: 13655.295 GC heap after
Heap after GC invocations=15 (full 3):
 PSYoungGen      total 125952K, used 35305K [0x00000000d7300000, 0x00000000e2180000, 0x0000000100000000)
  eden space 87552K, 0% used [0x00000000d7300000,0x00000000d7300000,0x00000000dc880000)
  from space 38400K, 91% used [0x00000000df280000,0x00000000e14fa498,0x00000000e1800000)
  to   space 43008K, 0% used [0x00000000dc880000,0x00000000dc880000,0x00000000df280000)
 ParOldGen       total 166912K, used 61523K [0x0000000085800000, 0x000000008fb00000, 0x00000000d7300000)
  object space 166912K, 36% used [0x0000000085800000,0x0000000089414f98,0x000000008fb00000)
 Metaspace       used 35303K, capacity 36022K, committed 36596K, reserved 1081344K
  class space    used 4307K, capacity 4431K, committed 4528K, reserved 1048576K
}

